[ 2025-04-11 20:03:51,944 ] 56 twilio.http_client - INFO - -- BEGIN Twilio API Request --
[ 2025-04-11 20:03:51,960 ] 66 twilio.http_client - INFO - POST Request: https://api.twilio.com/2010-04-01/Accounts/AC46555440f85435feecf54bc4f3640e65/Messages.json
[ 2025-04-11 20:03:51,960 ] 69 twilio.http_client - INFO - Headers:
[ 2025-04-11 20:03:51,960 ] 73 twilio.http_client - INFO - Content-Type : application/x-www-form-urlencoded
[ 2025-04-11 20:03:51,960 ] 73 twilio.http_client - INFO - Accept : application/json
[ 2025-04-11 20:03:51,960 ] 73 twilio.http_client - INFO - User-Agent : twilio-python/9.5.2 (Windows AMD64) Python/3.11.0
[ 2025-04-11 20:03:51,960 ] 73 twilio.http_client - INFO - X-Twilio-Client : python-9.5.2
[ 2025-04-11 20:03:51,961 ] 73 twilio.http_client - INFO - Accept-Charset : utf-8
[ 2025-04-11 20:03:51,961 ] 75 twilio.http_client - INFO - -- END Twilio API Request --
[ 2025-04-11 20:03:52,470 ] 81 twilio.http_client - INFO - Response Status Code: 201
[ 2025-04-11 20:03:52,470 ] 82 twilio.http_client - INFO - Response Headers: {'Content-Type': 'application/json;charset=utf-8', 'Content-Length': '873', 'Connection': 'keep-alive', 'Date': 'Fri, 11 Apr 2025 14:33:51 GMT', 'X-Powered-By': 'AT-5000', 'Twilio-Concurrent-Requests': '1', 'Twilio-Request-Id': 'RQd3a1f96f41a90c487c73e2ffa5e9d78b', 'Twilio-Request-Duration': '0.142', 'X-Home-Region': 'us1', 'X-Api-Domain': 'api.twilio.com', 'Strict-Transport-Security': 'max-age=31536000', 'Access-Control-Allow-Origin': '*', 'Access-Control-Allow-Headers': 'Accept, Authorization, Content-Type, If-Match, If-Modified-Since, If-None-Match, If-Unmodified-Since, Idempotency-Key, X-Pre-Auth-Context, X-Target-Region', 'Access-Control-Allow-Methods': 'GET, POST, PATCH, PUT, DELETE, OPTIONS', 'Access-Control-Expose-Headers': 'ETag, Twilio-Request-Id', 'Access-Control-Allow-Credentials': 'true', 'X-Shenanigans': 'none', 'X-Cache': 'Miss from cloudfront', 'Via': '1.1 1c46774b53d343ab0b1ffbd79efd10ac.cloudfront.net (CloudFront)', 'X-Amz-Cf-Pop': 'MAA51-P3', 'X-Amz-Cf-Id': 'uhfZeEf8tJAxG-eSUWByxSa1KTXnxWAiLw29787bqsAw0OK-BopffA=='}
[ 2025-04-11 20:05:14,683 ] 56 twilio.http_client - INFO - -- BEGIN Twilio API Request --
[ 2025-04-11 20:05:14,684 ] 66 twilio.http_client - INFO - POST Request: https://api.twilio.com/2010-04-01/Accounts/AC46555440f85435feecf54bc4f3640e65/Messages.json
[ 2025-04-11 20:05:14,684 ] 69 twilio.http_client - INFO - Headers:
[ 2025-04-11 20:05:14,684 ] 73 twilio.http_client - INFO - Content-Type : application/x-www-form-urlencoded
[ 2025-04-11 20:05:14,684 ] 73 twilio.http_client - INFO - Accept : application/json
[ 2025-04-11 20:05:14,685 ] 73 twilio.http_client - INFO - User-Agent : twilio-python/9.5.2 (Windows AMD64) Python/3.11.0
[ 2025-04-11 20:05:14,685 ] 73 twilio.http_client - INFO - X-Twilio-Client : python-9.5.2
[ 2025-04-11 20:05:14,685 ] 73 twilio.http_client - INFO - Accept-Charset : utf-8
[ 2025-04-11 20:05:14,686 ] 75 twilio.http_client - INFO - -- END Twilio API Request --
[ 2025-04-11 20:05:15,130 ] 81 twilio.http_client - INFO - Response Status Code: 201
[ 2025-04-11 20:05:15,130 ] 82 twilio.http_client - INFO - Response Headers: {'Content-Type': 'application/json;charset=utf-8', 'Content-Length': '873', 'Connection': 'keep-alive', 'Date': 'Fri, 11 Apr 2025 14:35:14 GMT', 'X-Powered-By': 'AT-5000', 'Twilio-Concurrent-Requests': '1', 'Twilio-Request-Id': 'RQ586f184b61de335fb7323db7ddd131d9', 'Twilio-Request-Duration': '0.141', 'X-Home-Region': 'us1', 'X-Api-Domain': 'api.twilio.com', 'Strict-Transport-Security': 'max-age=31536000', 'Access-Control-Allow-Origin': '*', 'Access-Control-Allow-Headers': 'Accept, Authorization, Content-Type, If-Match, If-Modified-Since, If-None-Match, If-Unmodified-Since, Idempotency-Key, X-Pre-Auth-Context, X-Target-Region', 'Access-Control-Allow-Methods': 'GET, POST, PATCH, PUT, DELETE, OPTIONS', 'Access-Control-Expose-Headers': 'ETag, Twilio-Request-Id', 'Access-Control-Allow-Credentials': 'true', 'X-Shenanigans': 'none', 'X-Cache': 'Miss from cloudfront', 'Via': '1.1 5c22f10a32e5d064bbf36cb39af79a98.cloudfront.net (CloudFront)', 'X-Amz-Cf-Pop': 'MAA51-P3', 'X-Amz-Cf-Id': 'WI6u9U_8MV4EWobAHpsdIARGBuP5jCdUOTRsT-G-f3Hj_o-OCDdmdw=='}
[ 2025-04-11 20:11:05,394 ] 56 twilio.http_client - INFO - -- BEGIN Twilio API Request --
[ 2025-04-11 20:11:05,394 ] 66 twilio.http_client - INFO - POST Request: https://api.twilio.com/2010-04-01/Accounts/AC46555440f85435feecf54bc4f3640e65/Messages.json
[ 2025-04-11 20:11:05,394 ] 69 twilio.http_client - INFO - Headers:
[ 2025-04-11 20:11:05,395 ] 73 twilio.http_client - INFO - Content-Type : application/x-www-form-urlencoded
[ 2025-04-11 20:11:05,395 ] 73 twilio.http_client - INFO - Accept : application/json
[ 2025-04-11 20:11:05,395 ] 73 twilio.http_client - INFO - User-Agent : twilio-python/9.5.2 (Windows AMD64) Python/3.11.0
[ 2025-04-11 20:11:05,395 ] 73 twilio.http_client - INFO - X-Twilio-Client : python-9.5.2
[ 2025-04-11 20:11:05,396 ] 73 twilio.http_client - INFO - Accept-Charset : utf-8
[ 2025-04-11 20:11:05,396 ] 75 twilio.http_client - INFO - -- END Twilio API Request --
[ 2025-04-11 20:11:05,837 ] 81 twilio.http_client - INFO - Response Status Code: 201
[ 2025-04-11 20:11:05,837 ] 82 twilio.http_client - INFO - Response Headers: {'Content-Type': 'application/json;charset=utf-8', 'Content-Length': '893', 'Connection': 'keep-alive', 'Date': 'Fri, 11 Apr 2025 14:41:05 GMT', 'X-Powered-By': 'AT-5000', 'Twilio-Concurrent-Requests': '1', 'Twilio-Request-Id': 'RQ907f8b22753ab97b33d13a126dfcce4d', 'Twilio-Request-Duration': '0.149', 'X-Home-Region': 'us1', 'X-Api-Domain': 'api.twilio.com', 'Strict-Transport-Security': 'max-age=31536000', 'Access-Control-Allow-Origin': '*', 'Access-Control-Allow-Headers': 'Accept, Authorization, Content-Type, If-Match, If-Modified-Since, If-None-Match, If-Unmodified-Since, Idempotency-Key, X-Pre-Auth-Context, X-Target-Region', 'Access-Control-Allow-Methods': 'GET, POST, PATCH, PUT, DELETE, OPTIONS', 'Access-Control-Expose-Headers': 'ETag, Twilio-Request-Id', 'Access-Control-Allow-Credentials': 'true', 'X-Shenanigans': 'none', 'X-Cache': 'Miss from cloudfront', 'Via': '1.1 5c22f10a32e5d064bbf36cb39af79a98.cloudfront.net (CloudFront)', 'X-Amz-Cf-Pop': 'MAA51-P3', 'X-Amz-Cf-Id': 'AYkLmQ9A7ayxZZ921yDNolRRo2rnImxVL4Nj8tskhrM25WgN-dZ8jg=='}
